<?xml version="1.0" encoding="UTF-8"?>
<!-- Generated by org.testng.reporters.JUnitXMLReporter -->
<testsuite ignored="0" hostname="DESKTOP-A3C766P" failures="0" tests="12" name="Test" time="0.097" errors="0" timestamp="2023-06-03T19:14:16 IST">
  <testcase classname="practice.Animal" name="cat" time="0.009"/>
  <testcase classname="practice.Animal" name="dag" time="0.001"/>
  <testcase classname="practice.Animal" name="snake" time="0.002"/>
  <testcase classname="practice.Demo1Test" name="hi1" time="0.001"/>
  <testcase classname="practice.Demo1Test" name="hi2" time="0.001"/>
  <testcase classname="practice.Demo1Test" name="hi3" time="0.002"/>
  <testcase classname="practice.Sample" name="haki" time="0.001"/>
  <testcase classname="practice.Sample" name="koko" time="0.003"/>
  <testcase classname="practice.Sample" name="lagori" time="0.002"/>
  <testcase classname="practice.Demo2Test" name="hello1" time="0.001"/>
  <testcase classname="practice.Demo2Test" name="hello2" time="0.001"/>
  <testcase classname="practice.Demo2Test" name="hello3" time="0.001"/>
</testsuite> <!-- Test -->
